# JRE version: Java(TM) SE Runtime Environment (24.0+36) (build 24+36-3646)
# Java VM: Java HotSpot(TM) 64-Bit Server VM (24+36-3646, mixed mode, sharing, tiered, compressed oops, compressed class ptrs, parallel gc, windows-amd64)
GC Precious Log:
 CardTable entry size: 512
 CPUs: 12 total, 12 available
 Memory: 5989M
 Large Page Support: Disabled
 NUMA Support: Disabled
 Compressed Oops: Enabled (32-bit)
 Alignments: Space 512K, Generation 512K, Heap 2M
 Heap Min Capacity: 100M
 Heap Initial Capacity: 100M
 Heap Max Capacity: 1G
 Pre-touch: Disabled
 Parallel Workers: 10
Heap:
 PSYoungGen      total 32768K, used 4561K [0x00000000eab00000, 0x00000000ecd80000, 0x0000000100000000)
  eden space 31232K, 10% used [0x00000000eab00000,0x00000000eae39218,0x00000000ec980000)
  from space 1536K, 82% used [0x00000000ecc00000,0x00000000ecd3b310,0x00000000ecd80000)
  to   space 1536K, 0% used [0x00000000eca80000,0x00000000eca80000,0x00000000ecc00000)
 ParOldGen       total 543232K, used 542923K [0x00000000c0000000, 0x00000000e1280000, 0x00000000eab00000)
  object space 543232K, 99% used [0x00000000c0000000,0x00000000e1232cf0,0x00000000e1280000)
 Metaspace       used 77799K, committed 79360K, reserved 1179648K
  class space    used 7016K, committed 7744K, reserved 1048576K
GC Heap History (20 events):
Event: 6914.484 GC heap before
{Heap before GC invocations=216 (full 3):
 PSYoungGen      total 32256K, used 29379K [0x00000000eab00000, 0x00000000ecc00000, 0x0000000100000000)
  eden space 30208K, 95% used [0x00000000eab00000,0x00000000ec729c60,0x00000000ec880000)
  from space 2048K, 26% used [0x00000000eca00000,0x00000000eca86fb0,0x00000000ecc00000)
  to   space 1536K, 0% used [0x00000000ec880000,0x00000000ec880000,0x00000000eca00000)
 ParOldGen       total 515584K, used 515582K [0x00000000c0000000, 0x00000000df780000, 0x00000000eab00000)
  object space 515584K, 99% used [0x00000000c0000000,0x00000000df77f960,0x00000000df780000)
 Metaspace       used 76086K, committed 77696K, reserved 1179648K
  class space    used 6855K, committed 7552K, reserved 1048576K
}
Event: 6914.498 GC heap after
{Heap after GC invocations=216 (full 3):
 PSYoungGen      total 31744K, used 256K [0x00000000eab00000, 0x00000000ecc00000, 0x0000000100000000)
  eden space 30208K, 0% used [0x00000000eab00000,0x00000000eab00000,0x00000000ec880000)
  from space 1536K, 16% used [0x00000000ec880000,0x00000000ec8c0000,0x00000000eca00000)
  to   space 1024K, 0% used [0x00000000ecb00000,0x00000000ecb00000,0x00000000ecc00000)
 ParOldGen       total 536064K, used 535054K [0x00000000c0000000, 0x00000000e0b80000, 0x00000000eab00000)
  object space 536064K, 99% used [0x00000000c0000000,0x00000000e0a839b0,0x00000000e0b80000)
 Metaspace       used 76086K, committed 77696K, reserved 1179648K
  class space    used 6855K, committed 7552K, reserved 1048576K
}
Event: 6914.583 GC heap before
{Heap before GC invocations=217 (full 3):
 PSYoungGen      total 31744K, used 30464K [0x00000000eab00000, 0x00000000ecc00000, 0x0000000100000000)
  eden space 30208K, 100% used [0x00000000eab00000,0x00000000ec880000,0x00000000ec880000)
  from space 1536K, 16% used [0x00000000ec880000,0x00000000ec8c0000,0x00000000eca00000)
  to   space 1024K, 0% used [0x00000000ecb00000,0x00000000ecb00000,0x00000000ecc00000)
 ParOldGen       total 536064K, used 535054K [0x00000000c0000000, 0x00000000e0b80000, 0x00000000eab00000)
  object space 536064K, 99% used [0x00000000c0000000,0x00000000e0a839b0,0x00000000e0b80000)
 Metaspace       used 76097K, committed 77696K, reserved 1179648K
  class space    used 6857K, committed 7552K, reserved 1048576K
}
Event: 6914.588 GC heap after
{Heap after GC invocations=217 (full 3):
 PSYoungGen      total 32768K, used 472K [0x00000000eab00000, 0x00000000ecc00000, 0x0000000100000000)
  eden space 31744K, 0% used [0x00000000eab00000,0x00000000eab00000,0x00000000eca00000)
  from space 1024K, 46% used [0x00000000ecb00000,0x00000000ecb763c0,0x00000000ecc00000)
  to   space 1024K, 0% used [0x00000000eca00000,0x00000000eca00000,0x00000000ecb00000)
 ParOldGen       total 536064K, used 535110K [0x00000000c0000000, 0x00000000e0b80000, 0x00000000eab00000)
  object space 536064K, 99% used [0x00000000c0000000,0x00000000e0a919b0,0x00000000e0b80000)
 Metaspace       used 76097K, committed 77696K, reserved 1179648K
  class space    used 6857K, committed 7552K, reserved 1048576K
}
Event: 6914.625 GC heap before
{Heap before GC invocations=218 (full 3):
 PSYoungGen      total 32768K, used 32216K [0x00000000eab00000, 0x00000000ecc00000, 0x0000000100000000)
  eden space 31744K, 100% used [0x00000000eab00000,0x00000000eca00000,0x00000000eca00000)
  from space 1024K, 46% used [0x00000000ecb00000,0x00000000ecb763c0,0x00000000ecc00000)
  to   space 1024K, 0% used [0x00000000eca00000,0x00000000eca00000,0x00000000ecb00000)
 ParOldGen       total 536064K, used 535110K [0x00000000c0000000, 0x00000000e0b80000, 0x00000000eab00000)
  object space 536064K, 99% used [0x00000000c0000000,0x00000000e0a919b0,0x00000000e0b80000)
 Metaspace       used 76097K, committed 77696K, reserved 1179648K
  class space    used 6857K, committed 7552K, reserved 1048576K
}
Event: 6914.629 GC heap after
{Heap after GC invocations=218 (full 3):
 PSYoungGen      total 32256K, used 1009K [0x00000000eab00000, 0x00000000ed180000, 0x0000000100000000)
  eden space 31232K, 0% used [0x00000000eab00000,0x00000000eab00000,0x00000000ec980000)
  from space 1024K, 98% used [0x00000000eca00000,0x00000000ecafc7e0,0x00000000ecb00000)
  to   space 4096K, 0% used [0x00000000ecd80000,0x00000000ecd80000,0x00000000ed180000)
 ParOldGen       total 537600K, used 537254K [0x00000000c0000000, 0x00000000e0d00000, 0x00000000eab00000)
  object space 537600K, 99% used [0x00000000c0000000,0x00000000e0ca99c8,0x00000000e0d00000)
 Metaspace       used 76097K, committed 77696K, reserved 1179648K
  class space    used 6857K, committed 7552K, reserved 1048576K
}
Event: 6914.890 GC heap before
{Heap before GC invocations=219 (full 3):
 PSYoungGen      total 32256K, used 32241K [0x00000000eab00000, 0x00000000ed180000, 0x0000000100000000)
  eden space 31232K, 100% used [0x00000000eab00000,0x00000000ec980000,0x00000000ec980000)
  from space 1024K, 98% used [0x00000000eca00000,0x00000000ecafc7e0,0x00000000ecb00000)
  to   space 4096K, 0% used [0x00000000ecd80000,0x00000000ecd80000,0x00000000ed180000)
 ParOldGen       total 537600K, used 537254K [0x00000000c0000000, 0x00000000e0d00000, 0x00000000eab00000)
  object space 537600K, 99% used [0x00000000c0000000,0x00000000e0ca99c8,0x00000000e0d00000)
 Metaspace       used 76108K, committed 77696K, reserved 1179648K
  class space    used 6857K, committed 7552K, reserved 1048576K
}
Event: 6914.895 GC heap after
{Heap after GC invocations=219 (full 3):
 PSYoungGen      total 31744K, used 724K [0x00000000eab00000, 0x00000000ece80000, 0x0000000100000000)
  eden space 30720K, 0% used [0x00000000eab00000,0x00000000eab00000,0x00000000ec900000)
  from space 1024K, 70% used [0x00000000ecd80000,0x00000000ece35240,0x00000000ece80000)
  to   space 2048K, 0% used [0x00000000eca80000,0x00000000eca80000,0x00000000ecc80000)
 ParOldGen       total 537600K, used 537382K [0x00000000c0000000, 0x00000000e0d00000, 0x00000000eab00000)
  object space 537600K, 99% used [0x00000000c0000000,0x00000000e0cc99c8,0x00000000e0d00000)
 Metaspace       used 76108K, committed 77696K, reserved 1179648K
  class space    used 6857K, committed 7552K, reserved 1048576K
}
Event: 6914.961 GC heap before
{Heap before GC invocations=220 (full 3):
 PSYoungGen      total 31744K, used 31444K [0x00000000eab00000, 0x00000000ece80000, 0x0000000100000000)
  eden space 30720K, 100% used [0x00000000eab00000,0x00000000ec900000,0x00000000ec900000)
  from space 1024K, 70% used [0x00000000ecd80000,0x00000000ece35240,0x00000000ece80000)
  to   space 2048K, 0% used [0x00000000eca80000,0x00000000eca80000,0x00000000ecc80000)
 ParOldGen       total 537600K, used 537382K [0x00000000c0000000, 0x00000000e0d00000, 0x00000000eab00000)
  object space 537600K, 99% used [0x00000000c0000000,0x00000000e0cc99c8,0x00000000e0d00000)
 Metaspace       used 76113K, committed 77696K, reserved 1179648K
  class space    used 6857K, committed 7552K, reserved 1048576K
}
Event: 6914.964 GC heap after
{Heap after GC invocations=220 (full 3):
 PSYoungGen      total 34304K, used 1387K [0x00000000eab00000, 0x00000000ece00000, 0x0000000100000000)
  eden space 32256K, 0% used [0x00000000eab00000,0x00000000eab00000,0x00000000eca80000)
  from space 2048K, 67% used [0x00000000eca80000,0x00000000ecbdad98,0x00000000ecc80000)
  to   space 1536K, 0% used [0x00000000ecc80000,0x00000000ecc80000,0x00000000ece00000)
 ParOldGen       total 538112K, used 537867K [0x00000000c0000000, 0x00000000e0d80000, 0x00000000eab00000)
  object space 538112K, 99% used [0x00000000c0000000,0x00000000e0d42c18,0x00000000e0d80000)
 Metaspace       used 76113K, committed 77696K, reserved 1179648K
  class space    used 6857K, committed 7552K, reserved 1048576K
}
Event: 6915.024 GC heap before
{Heap before GC invocations=221 (full 3):
 PSYoungGen      total 34304K, used 33643K [0x00000000eab00000, 0x00000000ece00000, 0x0000000100000000)
  eden space 32256K, 100% used [0x00000000eab00000,0x00000000eca80000,0x00000000eca80000)
  from space 2048K, 67% used [0x00000000eca80000,0x00000000ecbdad98,0x00000000ecc80000)
  to   space 1536K, 0% used [0x00000000ecc80000,0x00000000ecc80000,0x00000000ece00000)
 ParOldGen       total 538112K, used 537867K [0x00000000c0000000, 0x00000000e0d80000, 0x00000000eab00000)
  object space 538112K, 99% used [0x00000000c0000000,0x00000000e0d42c18,0x00000000e0d80000)
 Metaspace       used 76115K, committed 77696K, reserved 1179648K
  class space    used 6857K, committed 7552K, reserved 1048576K
}
Event: 6915.027 GC heap after
{Heap after GC invocations=221 (full 3):
 PSYoungGen      total 32768K, used 1008K [0x00000000eab00000, 0x00000000ecd80000, 0x0000000100000000)
  eden space 31744K, 0% used [0x00000000eab00000,0x00000000eab00000,0x00000000eca00000)
  from space 1024K, 98% used [0x00000000ecc80000,0x00000000ecd7c348,0x00000000ecd80000)
  to   space 1536K, 0% used [0x00000000eca80000,0x00000000eca80000,0x00000000ecc00000)
 ParOldGen       total 539136K, used 539068K [0x00000000c0000000, 0x00000000e0e80000, 0x00000000eab00000)
  object space 539136K, 99% used [0x00000000c0000000,0x00000000e0e6f070,0x00000000e0e80000)
 Metaspace       used 76115K, committed 77696K, reserved 1179648K
  class space    used 6857K, committed 7552K, reserved 1048576K
}
Event: 6915.103 GC heap before
{Heap before GC invocations=222 (full 3):
 PSYoungGen      total 32768K, used 32752K [0x00000000eab00000, 0x00000000ecd80000, 0x0000000100000000)
  eden space 31744K, 100% used [0x00000000eab00000,0x00000000eca00000,0x00000000eca00000)
  from space 1024K, 98% used [0x00000000ecc80000,0x00000000ecd7c348,0x00000000ecd80000)
  to   space 1536K, 0% used [0x00000000eca80000,0x00000000eca80000,0x00000000ecc00000)
 ParOldGen       total 539136K, used 539068K [0x00000000c0000000, 0x00000000e0e80000, 0x00000000eab00000)
  object space 539136K, 99% used [0x00000000c0000000,0x00000000e0e6f070,0x00000000e0e80000)
 Metaspace       used 76119K, committed 77696K, reserved 1179648K
  class space    used 6857K, committed 7552K, reserved 1048576K
}
Event: 6915.107 GC heap after
{Heap after GC invocations=222 (full 3):
 PSYoungGen      total 32768K, used 1510K [0x00000000eab00000, 0x00000000ed080000, 0x0000000100000000)
  eden space 31232K, 0% used [0x00000000eab00000,0x00000000eab00000,0x00000000ec980000)
  from space 1536K, 98% used [0x00000000eca80000,0x00000000ecbf9a80,0x00000000ecc00000)
  to   space 3584K, 0% used [0x00000000ecd00000,0x00000000ecd00000,0x00000000ed080000)
 ParOldGen       total 541184K, used 540677K [0x00000000c0000000, 0x00000000e1080000, 0x00000000eab00000)
  object space 541184K, 99% used [0x00000000c0000000,0x00000000e1001608,0x00000000e1080000)
 Metaspace       used 76119K, committed 77696K, reserved 1179648K
  class space    used 6857K, committed 7552K, reserved 1048576K
}
Event: 6916.520 GC heap before
{Heap before GC invocations=223 (full 3):
 PSYoungGen      total 32768K, used 32742K [0x00000000eab00000, 0x00000000ed080000, 0x0000000100000000)
  eden space 31232K, 100% used [0x00000000eab00000,0x00000000ec980000,0x00000000ec980000)
  from space 1536K, 98% used [0x00000000eca80000,0x00000000ecbf9a80,0x00000000ecc00000)
  to   space 3584K, 0% used [0x00000000ecd00000,0x00000000ecd00000,0x00000000ed080000)
 ParOldGen       total 541184K, used 540677K [0x00000000c0000000, 0x00000000e1080000, 0x00000000eab00000)
  object space 541184K, 99% used [0x00000000c0000000,0x00000000e1001608,0x00000000e1080000)
 Metaspace       used 76376K, committed 77952K, reserved 1179648K
  class space    used 6864K, committed 7552K, reserved 1048576K
}
Event: 6916.525 GC heap after
{Heap after GC invocations=223 (full 3):
 PSYoungGen      total 32768K, used 1664K [0x00000000eab00000, 0x00000000ecf00000, 0x0000000100000000)
  eden space 30720K, 0% used [0x00000000eab00000,0x00000000eab00000,0x00000000ec900000)
  from space 2048K, 81% used [0x00000000ecd00000,0x00000000ecea0040,0x00000000ecf00000)
  to   space 2560K, 0% used [0x00000000eca00000,0x00000000eca00000,0x00000000ecc80000)
 ParOldGen       total 541184K, used 540909K [0x00000000c0000000, 0x00000000e1080000, 0x00000000eab00000)
  object space 541184K, 99% used [0x00000000c0000000,0x00000000e103b608,0x00000000e1080000)
 Metaspace       used 76376K, committed 77952K, reserved 1179648K
  class space    used 6864K, committed 7552K, reserved 1048576K
}
Event: 6920.334 GC heap before
{Heap before GC invocations=224 (full 3):
 PSYoungGen      total 32768K, used 31137K [0x00000000eab00000, 0x00000000ecf00000, 0x0000000100000000)
  eden space 30720K, 95% used [0x00000000eab00000,0x00000000ec7c8700,0x00000000ec900000)
  from space 2048K, 81% used [0x00000000ecd00000,0x00000000ecea0040,0x00000000ecf00000)
  to   space 2560K, 0% used [0x00000000eca00000,0x00000000eca00000,0x00000000ecc80000)
 ParOldGen       total 541184K, used 540909K [0x00000000c0000000, 0x00000000e1080000, 0x00000000eab00000)
  object space 541184K, 99% used [0x00000000c0000000,0x00000000e103b608,0x00000000e1080000)
 Metaspace       used 76737K, committed 78336K, reserved 1179648K
  class space    used 6890K, committed 7616K, reserved 1048576K
}
Event: 6920.338 GC heap after
{Heap after GC invocations=224 (full 3):
 PSYoungGen      total 32768K, used 815K [0x00000000eab00000, 0x00000000ecd80000, 0x0000000100000000)
  eden space 31744K, 0% used [0x00000000eab00000,0x00000000eab00000,0x00000000eca00000)
  from space 1024K, 79% used [0x00000000eca00000,0x00000000ecacbc98,0x00000000ecb00000)
  to   space 1536K, 0% used [0x00000000ecc00000,0x00000000ecc00000,0x00000000ecd80000)
 ParOldGen       total 542720K, used 542396K [0x00000000c0000000, 0x00000000e1200000, 0x00000000eab00000)
  object space 542720K, 99% used [0x00000000c0000000,0x00000000e11af068,0x00000000e1200000)
 Metaspace       used 76737K, committed 78336K, reserved 1179648K
  class space    used 6890K, committed 7616K, reserved 1048576K
}
Event: 6970.839 GC heap before
{Heap before GC invocations=225 (full 3):
 PSYoungGen      total 32768K, used 32556K [0x00000000eab00000, 0x00000000ecd80000, 0x0000000100000000)
  eden space 31744K, 99% used [0x00000000eab00000,0x00000000ec9ff568,0x00000000eca00000)
  from space 1024K, 79% used [0x00000000eca00000,0x00000000ecacbc98,0x00000000ecb00000)
  to   space 1536K, 0% used [0x00000000ecc00000,0x00000000ecc00000,0x00000000ecd80000)
 ParOldGen       total 542720K, used 542396K [0x00000000c0000000, 0x00000000e1200000, 0x00000000eab00000)
  object space 542720K, 99% used [0x00000000c0000000,0x00000000e11af068,0x00000000e1200000)
 Metaspace       used 77765K, committed 79360K, reserved 1179648K
  class space    used 7013K, committed 7744K, reserved 1048576K
}
Event: 6970.954 GC heap after
{Heap after GC invocations=225 (full 3):
 PSYoungGen      total 32768K, used 1260K [0x00000000eab00000, 0x00000000ecd80000, 0x0000000100000000)
  eden space 31232K, 0% used [0x00000000eab00000,0x00000000eab00000,0x00000000ec980000)
  from space 1536K, 82% used [0x00000000ecc00000,0x00000000ecd3b310,0x00000000ecd80000)
  to   space 1536K, 0% used [0x00000000eca80000,0x00000000eca80000,0x00000000ecc00000)
 ParOldGen       total 543232K, used 542923K [0x00000000c0000000, 0x00000000e1280000, 0x00000000eab00000)
  object space 543232K, 99% used [0x00000000c0000000,0x00000000e1232cf0,0x00000000e1280000)
 Metaspace       used 77765K, committed 79360K, reserved 1179648K
  class space    used 7013K, committed 7744K, reserved 1048576K
}

